<?xml version="1.0" encoding="UTF-8"?>
<!-- Generated by org.testng.reporters.JUnitXMLReporter -->
<testsuite hostname="Salmas-MBP.home" name="Surefire test" tests="1" failures="0" timestamp="26 Oct 2016 17:07:13 GMT" time="0.077" errors="0">
  <testcase name="@BeforeMethod start" time="0.0" classname="com.mlba.ui.test.SmokeTest">
    <failure type="java.lang.IllegalStateException" message="The driver is not executable: /Users/Salma/Documents/workspace/MLBADemo/driver/chromedriver">
      <![CDATA[java.lang.IllegalStateException: The driver is not executable: /Users/Salma/Documents/workspace/MLBADemo/driver/chromedriver
	at com.google.common.base.Preconditions.checkState(Preconditions.java:199)
	at org.openqa.selenium.remote.service.DriverService.checkExecutable(DriverService.java:125)
	at org.openqa.selenium.remote.service.DriverService.findExecutable(DriverService.java:116)
	at org.openqa.selenium.chrome.ChromeDriverService.access$000(ChromeDriverService.java:32)
	at org.openqa.selenium.chrome.ChromeDriverService$Builder.findDefaultExecutable(ChromeDriverService.java:137)
	at org.openqa.selenium.remote.service.DriverService$Builder.build(DriverService.java:296)
	at org.openqa.selenium.chrome.ChromeDriverService.createDefaultService(ChromeDriverService.java:88)
	at org.openqa.selenium.chrome.ChromeDriver.<init>(ChromeDriver.java:120)
	at com.mlba.ui.test.BaseTest.start(BaseTest.java:31)
... Removed 30 stack frames]]>
    </failure>
  </testcase> <!-- @BeforeMethod start -->
  <testcase name="@AfterMethod close" time="0.0" classname="com.mlba.ui.test.SmokeTest">
    <skipped/>
  </testcase> <!-- @AfterMethod close -->
  <testcase name="gmailLoginTest" time="0.0" classname="com.mlba.ui.test.SmokeTest">
    <skipped/>
  </testcase> <!-- gmailLoginTest -->
</testsuite> <!-- Surefire test -->
